build/app/outputs/mapping/release/seeds.txt
com.yalantis.ucrop.view.TransformImageView: void setScaleType(android.widget.ImageView$ScaleType)
com.google.android.gms.internal.firebase-auth-api.zzno: android.os.Parcelable$Creator CREATOR
androidx.appcompat.widget.AppCompatButton: void setBackgroundResource(int)
com.google.android.gms.internal.firebase-auth-api.zzet
com.google.android.gms.internal.measurement.zzgm: int zza
com.google.android.gms.clearcut.zze: android.os.Parcelable$Creator CREATOR
com.google.firestore.v1.ArrayValue: com.google.protobuf.Internal$ProtobufList values_
androidx.appcompat.widget.ViewStubCompat: void setInflatedId(int)
com.google.android.gms.internal.measurement.zzgf
io.flutter.embedding.engine.FlutterJNI: void nativeRegisterTexture(long,long,io.flutter.embedding.engine.renderer.SurfaceTextureWrapper)
com.google.android.gms.internal.firebase-auth-api.zzlq: android.os.Parcelable$Creator CREATOR
com.google.android.gms.measurement.AppMeasurement$ConditionalUserProperty: boolean mActive
com.google.android.gms.common.internal.zza: android.os.Parcelable$Creator CREATOR
com.google.firestore.v1.DocumentTransform: com.google.protobuf.Parser PARSER
com.google.android.gms.internal.firebase-auth-api.zziq: com.google.android.gms.internal.firebase-auth-api.zzie zze
com.google.android.gms.internal.measurement.zzfe
com.google.firestore.v1.WriteResponse: int STREAM_TOKEN_FIELD_NUMBER
io.grpc.ChannelLogger$ChannelLogLevel: io.grpc.ChannelLogger$ChannelLogLevel[] values()
io.flutter.plugins.imagepicker.CameraDevice: io.flutter.plugins.imagepicker.CameraDevice valueOf(java.lang.String)
com.google.android.gms.internal.measurement.zzex: int zza
androidx.appcompat.widget.LinearLayoutCompat: int getDividerPadding()
androidx.appcompat.widget.AppCompatImageView: android.content.res.ColorStateList getSupportImageTintList()
com.google.android.gms.internal.measurement.zzej: boolean zzj
com.google.firestore.bundle.BundledQuery: java.lang.Object queryType_
com.google.android.gms.measurement.AppMeasurement$ConditionalUserProperty: long mTriggeredTimestamp
com.google.android.gms.internal.vision.zzea$zzg$zzd: com.google.android.gms.internal.vision.zzea$zzg$zzd[] values()
com.google.android.gms.internal.vision.zzea$zze: long zzne
com.google.firebase.installations.remote.InstallationResponse$ResponseCode: com.google.firebase.installations.remote.InstallationResponse$ResponseCode valueOf(java.lang.String)
io.grpc.okhttp.internal.CipherSuite: io.grpc.okhttp.internal.CipherSuite[] values()
androidx.appcompat.widget.Toolbar: void setContentInsetStartWithNavigation(int)
com.google.firestore.v1.Write: com.google.protobuf.Internal$ProtobufList updateTransforms_
com.google.firestore.v1.Target$DocumentsTarget: com.google.firestore.v1.Target$DocumentsTarget DEFAULT_INSTANCE
com.google.firestore.v1.StructuredQuery$FieldFilter: int VALUE_FIELD_NUMBER
androidx.appcompat.view.menu.ExpandedMenuView
com.google.android.gms.internal.firebase-auth-api.zzfx
com.google.android.gms.internal.clearcut.zzcb: com.google.android.gms.internal.clearcut.zzcb[] values()
com.google.android.gms.internal.measurement.zzga: com.google.android.gms.internal.measurement.zzga[] values()
io.flutter.plugins.firebase.firestore.FlutterFirebaseFirestoreRegistrar
com.google.firestore.v1.DocumentTransform$FieldTransform: java.lang.Object transformType_
com.google.firebase.firestore.proto.MaybeDocument: java.lang.Object documentType_
com.google.android.gms.internal.vision.zzea$zzl: com.google.android.gms.internal.vision.zzea$zzl zzpu
com.google.firestore.v1.DocumentTransform$FieldTransform: int FIELD_PATH_FIELD_NUMBER
com.yalantis.ucrop.view.widget.HorizontalProgressWheelView
io.flutter.plugin.editing.ImeSyncDeferringInsetsCallback$AnimationCallback: io.flutter.plugin.editing.ImeSyncDeferringInsetsCallback this$0
androidx.appcompat.widget.Toolbar: void setSubtitleTextColor(android.content.res.ColorStateList)
com.google.android.gms.internal.firebase-auth-api.zzeq: com.google.android.gms.internal.firebase-auth-api.zzet zzf