build/app/outputs/mapping/release/mapping.txt
# compiler: R8
# compiler_version: 2.1.62
# min_api: 21
# pg_map_id: fd4ee1b
# common_typos_disable
...
com.google.firestore.v1.BatchGetDocumentsResponse -> b.b.d.b.d:
    com.google.firestore.v1.BatchGetDocumentsResponse access$000() -> S
    com.google.firestore.v1.BatchGetDocumentsResponse getDefaultInstance() -> T
    com.google.firestore.v1.Document getFound() -> U
    java.lang.String getMissing() -> V
    com.google.protobuf.Timestamp getReadTime() -> W
    com.google.firestore.v1.BatchGetDocumentsResponse$ResultCase getResultCase() -> X
    java.lang.Object dynamicMethod(com.google.protobuf.GeneratedMessageLite$MethodToInvoke,java.lang.Object,java.lang.Object) -> x
com.google.firestore.v1.BatchGetDocumentsResponse$1 -> b.b.d.b.d$a:
    int[] $SwitchMap$com$google$protobuf$GeneratedMessageLite$MethodToInvoke -> a
com.google.firestore.v1.BatchGetDocumentsResponse$Builder -> b.b.d.b.d$b:
com.google.firestore.v1.BatchGetDocumentsResponse$ResultCase -> b.b.d.b.d$c:
    com.google.firestore.v1.BatchGetDocumentsResponse$ResultCase RESULT_NOT_SET -> n
    com.google.firestore.v1.BatchGetDocumentsResponse$ResultCase MISSING -> m
    com.google.firestore.v1.BatchGetDocumentsResponse$ResultCase[] $VALUES -> o
    com.google.firestore.v1.BatchGetDocumentsResponse$ResultCase FOUND -> l
    com.google.firestore.v1.BatchGetDocumentsResponse$ResultCase forNumber(int) -> s
com.google.firestore.v1.CommitRequest -> b.b.d.b.e:
    com.google.firestore.v1.CommitRequest access$000() -> S
    void access$100(com.google.firestore.v1.CommitRequest,java.lang.String) -> T
    void access$500(com.google.firestore.v1.CommitRequest,com.google.firestore.v1.Write) -> U
    void addWrites(com.google.firestore.v1.Write) -> V
    void ensureWritesIsMutable() -> W
    com.google.firestore.v1.CommitRequest getDefaultInstance() -> X
    com.google.firestore.v1.CommitRequest$Builder newBuilder() -> Z
    void setDatabase(java.lang.String) -> a0
    java.lang.Object dynamicMethod(com.google.protobuf.GeneratedMessageLite$MethodToInvoke,java.lang.Object,java.lang.Object) -> x
com.google.firestore.v1.CommitRequest$1 -> b.b.d.b.e$a:
    int[] $SwitchMap$com$google$protobuf$GeneratedMessageLite$MethodToInvoke -> a
com.google.firestore.v1.CommitRequest$Builder -> b.b.d.b.e$b:
    com.google.firestore.v1.CommitRequest$Builder addWrites(com.google.firestore.v1.Write) -> A
    com.google.firestore.v1.CommitRequest$Builder setDatabase(java.lang.String) -> B
com.google.firestore.v1.CommitResponse -> b.b.d.b.f:
    com.google.firestore.v1.CommitResponse access$000() -> S
    com.google.protobuf.Timestamp getCommitTime() -> T
    com.google.firestore.v1.CommitResponse getDefaultInstance() -> U
    com.google.firestore.v1.WriteResult getWriteResults(int) -> V
    int getWriteResultsCount() -> W
    java.lang.Object dynamicMethod(com.google.protobuf.GeneratedMessageLite$MethodToInvoke,java.lang.Object,java.lang.Object) -> x
com.google.firestore.v1.CommitResponse$1 -> b.b.d.b.f$a:
    int[] $SwitchMap$com$google$protobuf$GeneratedMessageLite$MethodToInvoke -> a
com.google.firestore.v1.CommitResponse$Builder -> b.b.d.b.f$b:
com.google.firestore.v1.Cursor -> b.b.d.b.g:
    com.google.firestore.v1.Cursor access$000() -> S
    void access$400(com.google.firestore.v1.Cursor,java.lang.Iterable) -> T
    void access$700(com.google.firestore.v1.Cursor,boolean) -> U
    void addAllValues(java.lang.Iterable) -> V
    void ensureValuesIsMutable() -> W
    boolean getBefore() -> X
    com.google.firestore.v1.Cursor getDefaultInstance() -> Z
    com.google.firestore.v1.Cursor$Builder newBuilder() -> a0
    void setBefore(boolean) -> b0
    java.util.List getValuesList() -> f
    java.lang.Object dynamicMethod(com.google.protobuf.GeneratedMessageLite$MethodToInvoke,java.lang.Object,java.lang.Object) -> x
com.google.firestore.v1.Cursor$1 -> b.b.d.b.g$a:
    int[] $SwitchMap$com$google$protobuf$GeneratedMessageLite$MethodToInvoke -> a