build/app/outputs/mapping/release/usage.txt
io.grpc.NameResolverProvider:
    public static java.util.List providers()
    public static io.grpc.NameResolver$Factory asFactory()
com.google.common.collect.TreeRangeSet$SubRangeSetRangesByLowerBound$1
com.lnm.Electa.R$string
io.grpc.Attributes:
    public static io.grpc.Attributes$Builder newBuilder(io.grpc.Attributes)
    public java.util.Set keys()
    java.util.Set keysForTest()
okhttp3.Cache$Entry
io.flutter.embedding.engine.deferredcomponents.PlayStoreDeferredComponentManager$1
io.grpc.inprocess.InProcessTransport$1
com.google.android.gms.internal.firebase-auth-api.zzg:
    private void <init>()
androidx.activity.result.contract.ActivityResultContracts$OpenDocument
com.google.common.reflect.TypeToken$InterfaceSet
com.google.firebase.storage.TaskListenerImpl:
    public int getListenerCount()
com.google.android.gms.measurement.api.AppMeasurementSdk:
    public static com.google.android.gms.measurement.api.AppMeasurementSdk getInstance(android.content.Context)
    public static com.google.android.gms.measurement.api.AppMeasurementSdk getInstance(android.content.Context,java.lang.String,java.lang.String,java.lang.String,android.os.Bundle)
    public void setMeasurementEnabled(boolean)
    public void setMeasurementEnabled(java.lang.Boolean)
    public void setConsent(android.os.Bundle)
    public void logEvent(java.lang.String,java.lang.String,android.os.Bundle)
    public void logEventNoInterceptor(java.lang.String,java.lang.String,android.os.Bundle,long)
    public void setUserProperty(java.lang.String,java.lang.String,java.lang.Object)
    public java.util.Map getUserProperties(java.lang.String,java.lang.String,boolean)
    public void setConditionalUserProperty(android.os.Bundle)
    public void clearConditionalUserProperty(java.lang.String,java.lang.String,android.os.Bundle)
    public java.util.List getConditionalUserProperties(java.lang.String,java.lang.String)
    public java.lang.String getCurrentScreenName()
    public java.lang.String getCurrentScreenClass()
    public java.lang.String getAppInstanceId()
    public java.lang.String getGmpAppId()
    public long generateEventId()
    public void beginAdUnitExposure(java.lang.String)
    public void endAdUnitExposure(java.lang.String)
com.google.android.gms.common.api.Api$ApiOptions$NotRequiredOptions
kotlin.collections.MapWithDefaultImpl
kotlin.random.RandomKt
com.google.firebase.firestore.FirebaseFirestoreSettings:
    public static final long CACHE_SIZE_UNLIMITED
    public static final java.lang.String DEFAULT_HOST
    private static final long MINIMUM_CACHE_BYTES
    private static final long DEFAULT_CACHE_SIZE_BYTES
io.flutter.embedding.android.FlutterFragmentActivity$CachedEngineIntentBuilder
com.squareup.okhttp.internal.framed.Variant
com.google.common.collect.Multisets$3$1
androidx.multidex.MultiDex$V14$JBMR11ElementConstructor
com.google.common.escape.Escaper
androidx.drawerlayout.R$color
com.google.firebase.firestore.core.Query:
    public java.lang.String getCanonicalId()
com.google.android.gms.internal.vision.zzet:
    protected static void zza(java.lang.Iterable,java.util.List)
com.google.protobuf.LazyStringArrayList$ByteArrayListView
com.google.android.gms.internal.vision.zzea$zzd$zza:
    public final com.google.android.gms.internal.vision.zzea$zzd$zza zzb(com.google.android.gms.internal.vision.zzea$zzm)
androidx.core.text.TextDirectionHeuristicsCompat$TextDirectionHeuristicImpl
com.google.firebase.components.ComponentDiscovery:
    public java.util.List discover()
    static final java.lang.String TAG
    private static final java.lang.String COMPONENT_SENTINEL_VALUE
    private static final java.lang.String COMPONENT_KEY_PREFIX
androidx.vectordrawable.animated.R$color